# JRE version: OpenJDK Runtime Environment (26.0+35) (build 26+35-2893)
# Java VM: OpenJDK 64-Bit Server VM (26+35-2893, mixed mode, sharing, tiered, compressed oops, compressed class ptrs, g1 gc, windows-amd64)
GC Precious Log:
 CardTable entry size: 512
 Card Set container configuration: InlinePtr #cards 4 size 8 Array Of Cards #cards 16 size 48 Howl #buckets 8 coarsen threshold 3686 Howl Bitmap #cards 512 size 80 coarsen threshold 460 Card regions per heap region 1 cards per card region 4096
 CPUs: 16 total, 16 available
 Memory: 16008M
 Large Page Support: Disabled
 NUMA Support: Disabled
 Compressed Oops: Enabled (Zero based)
 Heap Region Size: 2M
 Heap Min Capacity: 8M
 Heap Initial Capacity: 8M
 Heap Max Capacity: 4004M
 Pre-touch: Disabled
 Parallel Workers: 13
 Concurrent Workers: 3
 Concurrent Refinement Workers: 13
 Periodic GC: Disabled
Heap:
 garbage-first heap   total reserved 4100096K, committed 129024K, used 33569K [0x0000000705c00000, 0x0000000800000000)
  region size 2M, 1 eden (2M), 5 survivor (10M), 10 old (20M), 2 humongous (4M), 45 free (90M)
GC Heap Usage History (20 events):
Event: 0.273 {heap Before GC invocations=3 (full 0):
 garbage-first heap   total reserved 4100096K, committed 12288K, used 9007K [0x0000000705c00000, 0x0000000800000000)
  region size 2M, 1 eden (2M), 1 survivor (2M), 3 old (6M), 0 humongous (0M), 1 free (2M)
}
Event: 0.275 {heap After GC invocations=4 (full 0):
 garbage-first heap   total reserved 4100096K, committed 43008K, used 8710K [0x0000000705c00000, 0x0000000800000000)
  region size 2M, 0 eden (0M), 1 survivor (2M), 4 old (8M), 0 humongous (0M), 16 free (32M)
}
Event: 0.522 {heap Before GC invocations=5 (full 0):
 garbage-first heap   total reserved 4100096K, committed 43008K, used 23046K [0x0000000705c00000, 0x0000000800000000)
  region size 2M, 6 eden (12M), 1 survivor (2M), 4 old (8M), 2 humongous (4M), 8 free (16M)
}
Event: 0.525 {heap After GC invocations=6 (full 0):
 garbage-first heap   total reserved 4100096K, committed 43008K, used 16488K [0x0000000705c00000, 0x0000000800000000)
  region size 2M, 0 eden (0M), 1 survivor (2M), 6 old (12M), 2 humongous (4M), 12 free (24M)
}
Event: 0.679 {heap Before GC invocations=6 (full 0):
 garbage-first heap   total reserved 4100096K, committed 43008K, used 22632K [0x0000000705c00000, 0x0000000800000000)
  region size 2M, 4 eden (8M), 1 survivor (2M), 6 old (12M), 2 humongous (4M), 8 free (16M)
}
Event: 0.684 {heap After GC invocations=7 (full 0):
 garbage-first heap   total reserved 4100096K, committed 43008K, used 17210K [0x0000000705c00000, 0x0000000800000000)
  region size 2M, 0 eden (0M), 1 survivor (2M), 7 old (14M), 2 humongous (4M), 11 free (22M)
}
Event: 0.824 {heap Before GC invocations=7 (full 0):
 garbage-first heap   total reserved 4100096K, committed 43008K, used 25402K [0x0000000705c00000, 0x0000000800000000)
  region size 2M, 4 eden (8M), 1 survivor (2M), 7 old (14M), 2 humongous (4M), 7 free (14M)
}
Event: 0.826 {heap After GC invocations=8 (full 0):
 garbage-first heap   total reserved 4100096K, committed 43008K, used 17796K [0x0000000705c00000, 0x0000000800000000)
  region size 2M, 0 eden (0M), 1 survivor (2M), 7 old (14M), 2 humongous (4M), 11 free (22M)
}
Event: 0.931 {heap Before GC invocations=8 (full 0):
 garbage-first heap   total reserved 4100096K, committed 43008K, used 28036K [0x0000000705c00000, 0x0000000800000000)
  region size 2M, 5 eden (10M), 1 survivor (2M), 7 old (14M), 2 humongous (4M), 6 free (12M)
}
Event: 0.934 {heap After GC invocations=9 (full 0):
 garbage-first heap   total reserved 4100096K, committed 43008K, used 18461K [0x0000000705c00000, 0x0000000800000000)
  region size 2M, 0 eden (0M), 1 survivor (2M), 7 old (14M), 2 humongous (4M), 11 free (22M)
}
Event: 1.028 {heap Before GC invocations=9 (full 0):
 garbage-first heap   total reserved 4100096K, committed 43008K, used 28701K [0x0000000705c00000, 0x0000000800000000)
  region size 2M, 5 eden (10M), 1 survivor (2M), 7 old (14M), 2 humongous (4M), 6 free (12M)
}
Event: 1.030 {heap After GC invocations=10 (full 0):
 garbage-first heap   total reserved 4100096K, committed 43008K, used 19443K [0x0000000705c00000, 0x0000000800000000)
  region size 2M, 0 eden (0M), 1 survivor (2M), 7 old (14M), 2 humongous (4M), 11 free (22M)
}
Event: 1.143 {heap Before GC invocations=10 (full 0):
 garbage-first heap   total reserved 4100096K, committed 43008K, used 29683K [0x0000000705c00000, 0x0000000800000000)
  region size 2M, 6 eden (12M), 1 survivor (2M), 7 old (14M), 2 humongous (4M), 5 free (10M)
}
Event: 1.147 {heap After GC invocations=11 (full 0):
 garbage-first heap   total reserved 4100096K, committed 129024K, used 20213K [0x0000000705c00000, 0x0000000800000000)
  region size 2M, 0 eden (0M), 1 survivor (2M), 7 old (14M), 2 humongous (4M), 53 free (106M)
}
Event: 1.690 {heap Before GC invocations=11 (full 0):
 garbage-first heap   total reserved 4100096K, committed 129024K, used 48885K [0x0000000705c00000, 0x0000000800000000)
  region size 2M, 16 eden (32M), 1 survivor (2M), 7 old (14M), 2 humongous (4M), 37 free (74M)
}
Event: 1.696 {heap After GC invocations=12 (full 0):
 garbage-first heap   total reserved 4100096K, committed 129024K, used 23732K [0x0000000705c00000, 0x0000000800000000)
  region size 2M, 0 eden (0M), 3 survivor (6M), 7 old (14M), 2 humongous (4M), 51 free (102M)
}
Event: 2.646 {heap Before GC invocations=13 (full 0):
 garbage-first heap   total reserved 4100096K, committed 129024K, used 79028K [0x0000000705c00000, 0x0000000800000000)
  region size 2M, 28 eden (56M), 3 survivor (6M), 7 old (14M), 2 humongous (4M), 23 free (46M)
}
Event: 2.653 {heap After GC invocations=14 (full 0):
 garbage-first heap   total reserved 4100096K, committed 129024K, used 28537K [0x0000000705c00000, 0x0000000800000000)
  region size 2M, 0 eden (0M), 5 survivor (10M), 7 old (14M), 2 humongous (4M), 49 free (98M)
}
Event: 103.955 {heap Before GC invocations=15 (full 0):
 garbage-first heap   total reserved 4100096K, committed 129024K, used 94073K [0x0000000705c00000, 0x0000000800000000)
  region size 2M, 32 eden (64M), 5 survivor (10M), 7 old (14M), 2 humongous (4M), 17 free (34M)
}
Event: 103.966 {heap After GC invocations=16 (full 0):
 garbage-first heap   total reserved 4100096K, committed 129024K, used 33569K [0x0000000705c00000, 0x0000000800000000)
  region size 2M, 0 eden (0M), 5 survivor (10M), 10 old (20M), 2 humongous (4M), 46 free (92M)
}

